[debug] [2022-06-03T16:33:19.717Z] ----------------------------------------------------------------------
[debug] [2022-06-03T16:33:19.720Z] Command:       C:\Program Files\nodejs\node.exe C:\Users\tuanf\AppData\Roaming\npm\node_modules\firebase-tools\lib\bin\firebase.js init
[debug] [2022-06-03T16:33:19.720Z] CLI Version:   10.1.2
[debug] [2022-06-03T16:33:19.720Z] Platform:      win32
[debug] [2022-06-03T16:33:19.720Z] Node Version:  v16.13.1
[debug] [2022-06-03T16:33:19.730Z] Time:          Fri Jun 03 2022 22:03:19 GMT+0530 (India Standard Time)
[debug] [2022-06-03T16:33:19.730Z] ----------------------------------------------------------------------
[debug] 
[debug] [2022-06-03T16:33:19.735Z] >>> [apiv2][query] GET https://firebase-public.firebaseio.com/cli.json [none]
[debug] [2022-06-03T16:33:19.764Z] > command requires scopes: ["email","openid","https://www.googleapis.com/auth/cloudplatformprojects.readonly","https://www.googleapis.com/auth/firebase","https://www.googleapis.com/auth/cloud-platform"]
[debug] [2022-06-03T16:33:19.764Z] > authorizing via signed-in user (fazidsamoon331@gmail.com)
[info] 
     ######## #### ########  ######## ########     ###     ######  ########
     ##        ##  ##     ## ##       ##     ##  ##   ##  ##       ##
     ######    ##  ########  ######   ########  #########  ######  ######
     ##        ##  ##    ##  ##       ##     ## ##     ##       ## ##
     ##       #### ##     ## ######## ########  ##     ##  ######  ########

You're about to initialize a Firebase project in this directory:

  D:\React\portfolio

[debug] [2022-06-03T16:33:20.904Z] <<< [apiv2][status] GET https://firebase-public.firebaseio.com/cli.json 200
[debug] [2022-06-03T16:33:20.905Z] <<< [apiv2][body] GET https://firebase-public.firebaseio.com/cli.json {"cloudBuildErrorAfter":1594252800000,"cloudBuildWarnAfter":1590019200000,"defaultNode10After":1594252800000,"minVersion":"3.0.5","node8DeploysDisabledAfter":1613390400000,"node8RuntimeDisabledAfter":1615809600000,"node8WarnAfter":1600128000000}
